2025-11-29 22:57:52,987 - httpx - INFO - HTTP Request: POST https://api.telegram.org/bot8229788169:AAFSq8HtJN7DsHV3-Zmf4AC-6iHNsAVPAUU/getMe "HTTP/1.1 200 OK"
2025-11-29 22:57:53,062 - httpx - INFO - HTTP Request: POST https://api.telegram.org/bot8229788169:AAFSq8HtJN7DsHV3-Zmf4AC-6iHNsAVPAUU/deleteWebhook "HTTP/1.1 200 OK"
2025-11-29 22:57:53,064 - apscheduler.scheduler - INFO - Scheduler started
2025-11-29 22:57:53,064 - telegram.ext.Application - INFO - Application started
2025-11-29 22:58:00,064 - httpx - INFO - HTTP Request: POST https://api.telegram.org/bot8229788169:AAFSq8HtJN7DsHV3-Zmf4AC-6iHNsAVPAUU/getUpdates "HTTP/1.1 200 OK"
2025-11-29 22:58:00,378 - httpx - INFO - HTTP Request: POST https://api.telegram.org/bot8229788169:AAFSq8HtJN7DsHV3-Zmf4AC-6iHNsAVPAUU/sendMessage "HTTP/1.1 200 OK"
2025-11-29 22:58:08,362 - httpx - INFO - HTTP Request: POST https://api.telegram.org/bot8229788169:AAFSq8HtJN7DsHV3-Zmf4AC-6iHNsAVPAUU/getUpdates "HTTP/1.1 200 OK"
2025-11-29 22:58:09,607 - httpx - INFO - HTTP Request: POST https://api.telegram.org/bot8229788169:AAFSq8HtJN7DsHV3-Zmf4AC-6iHNsAVPAUU/sendMessage "HTTP/1.1 200 OK"
2025-11-29 22:58:14,035 - httpx - INFO - HTTP Request: POST https://api.telegram.org/bot8229788169:AAFSq8HtJN7DsHV3-Zmf4AC-6iHNsAVPAUU/getUpdates "HTTP/1.1 200 OK"
2025-11-29 22:58:14,129 - httpx - INFO - HTTP Request: POST https://api.telegram.org/bot8229788169:AAFSq8HtJN7DsHV3-Zmf4AC-6iHNsAVPAUU/sendMessage "HTTP/1.1 200 OK"
2025-11-29 22:58:16,642 - httpx - INFO - HTTP Request: POST https://api.telegram.org/bot8229788169:AAFSq8HtJN7DsHV3-Zmf4AC-6iHNsAVPAUU/getUpdates "HTTP/1.1 200 OK"
2025-11-29 22:58:16,759 - httpx - INFO - HTTP Request: POST https://api.telegram.org/bot8229788169:AAFSq8HtJN7DsHV3-Zmf4AC-6iHNsAVPAUU/getChat "HTTP/1.1 200 OK"
2025-11-29 22:58:16,856 - httpx - INFO - HTTP Request: POST https://api.telegram.org/bot8229788169:AAFSq8HtJN7DsHV3-Zmf4AC-6iHNsAVPAUU/sendMessage "HTTP/1.1 200 OK"
2025-11-29 22:58:19,687 - httpx - INFO - HTTP Request: POST https://api.telegram.org/bot8229788169:AAFSq8HtJN7DsHV3-Zmf4AC-6iHNsAVPAUU/getUpdates "HTTP/1.1 200 OK"
2025-11-29 22:58:19,783 - httpx - INFO - HTTP Request: POST https://api.telegram.org/bot8229788169:AAFSq8HtJN7DsHV3-Zmf4AC-6iHNsAVPAUU/sendMessage "HTTP/1.1 200 OK"
2025-11-29 22:58:27,075 - httpx - INFO - HTTP Request: POST https://api.telegram.org/bot8229788169:AAFSq8HtJN7DsHV3-Zmf4AC-6iHNsAVPAUU/getUpdates "HTTP/1.1 200 OK"
2025-11-29 22:58:27,422 - httpx - INFO - HTTP Request: POST https://api.telegram.org/bot8229788169:AAFSq8HtJN7DsHV3-Zmf4AC-6iHNsAVPAUU/sendMessage "HTTP/1.1 200 OK"
2025-11-29 22:58:28,894 - httpx - INFO - HTTP Request: POST https://api.telegram.org/bot8229788169:AAFSq8HtJN7DsHV3-Zmf4AC-6iHNsAVPAUU/getUpdates "HTTP/1.1 200 OK"
2025-11-29 22:58:29,003 - httpx - INFO - HTTP Request: POST https://api.telegram.org/bot8229788169:AAFSq8HtJN7DsHV3-Zmf4AC-6iHNsAVPAUU/answerCallbackQuery "HTTP/1.1 200 OK"
2025-11-29 22:58:29,134 - httpx - INFO - HTTP Request: POST https://api.telegram.org/bot8229788169:AAFSq8HtJN7DsHV3-Zmf4AC-6iHNsAVPAUU/editMessageText "HTTP/1.1 200 OK"
2025-11-29 22:58:35,205 - httpx - INFO - HTTP Request: POST https://api.telegram.org/bot8229788169:AAFSq8HtJN7DsHV3-Zmf4AC-6iHNsAVPAUU/getUpdates "HTTP/1.1 200 OK"
2025-11-29 22:58:35,482 - httpx - INFO - HTTP Request: POST https://api.telegram.org/bot8229788169:AAFSq8HtJN7DsHV3-Zmf4AC-6iHNsAVPAUU/sendMessage "HTTP/1.1 200 OK"
2025-11-29 22:58:44,937 - httpx - INFO - HTTP Request: POST https://api.telegram.org/bot8229788169:AAFSq8HtJN7DsHV3-Zmf4AC-6iHNsAVPAUU/getUpdates "HTTP/1.1 200 OK"
2025-11-29 22:58:45,201 - httpx - INFO - HTTP Request: POST https://api.telegram.org/bot8229788169:AAFSq8HtJN7DsHV3-Zmf4AC-6iHNsAVPAUU/sendMessage "HTTP/1.1 200 OK"
2025-11-29 22:58:55,017 - httpx - INFO - HTTP Request: POST https://api.telegram.org/bot8229788169:AAFSq8HtJN7DsHV3-Zmf4AC-6iHNsAVPAUU/getUpdates "HTTP/1.1 200 OK"
2025-11-29 22:59:01,063 - httpx - INFO - HTTP Request: POST https://api.telegram.org/bot8229788169:AAFSq8HtJN7DsHV3-Zmf4AC-6iHNsAVPAUU/getUpdates "HTTP/1.1 200 OK"
2025-11-29 22:59:01,343 - httpx - INFO - HTTP Request: POST https://api.telegram.org/bot8229788169:AAFSq8HtJN7DsHV3-Zmf4AC-6iHNsAVPAUU/sendMessage "HTTP/1.1 200 OK"
2025-11-29 22:59:05,352 - httpx - INFO - HTTP Request: POST https://api.telegram.org/bot8229788169:AAFSq8HtJN7DsHV3-Zmf4AC-6iHNsAVPAUU/getUpdates "HTTP/1.1 200 OK"
2025-11-29 22:59:05,549 - httpx - INFO - HTTP Request: POST https://api.telegram.org/bot8229788169:AAFSq8HtJN7DsHV3-Zmf4AC-6iHNsAVPAUU/answerCallbackQuery "HTTP/1.1 200 OK"
2025-11-29 22:59:05,650 - httpx - INFO - HTTP Request: POST https://api.telegram.org/bot8229788169:AAFSq8HtJN7DsHV3-Zmf4AC-6iHNsAVPAUU/editMessageText "HTTP/1.1 200 OK"
2025-11-29 22:59:15,151 - httpx - INFO - HTTP Request: POST https://api.telegram.org/bot8229788169:AAFSq8HtJN7DsHV3-Zmf4AC-6iHNsAVPAUU/getUpdates "HTTP/1.1 200 OK"
2025-11-29 22:59:15,439 - httpx - INFO - HTTP Request: POST https://api.telegram.org/bot8229788169:AAFSq8HtJN7DsHV3-Zmf4AC-6iHNsAVPAUU/sendMessage "HTTP/1.1 200 OK"
2025-11-29 22:59:24,363 - httpx - INFO - HTTP Request: POST https://api.telegram.org/bot8229788169:AAFSq8HtJN7DsHV3-Zmf4AC-6iHNsAVPAUU/getUpdates "HTTP/1.1 200 OK"
2025-11-29 22:59:24,725 - httpx - INFO - HTTP Request: POST https://api.telegram.org/bot8229788169:AAFSq8HtJN7DsHV3-Zmf4AC-6iHNsAVPAUU/sendMessage "HTTP/1.1 200 OK"
2025-11-29 22:59:34,444 - httpx - INFO - HTTP Request: POST https://api.telegram.org/bot8229788169:AAFSq8HtJN7DsHV3-Zmf4AC-6iHNsAVPAUU/getUpdates "HTTP/1.1 200 OK"
2025-11-29 22:59:44,519 - httpx - INFO - HTTP Request: POST https://api.telegram.org/bot8229788169:AAFSq8HtJN7DsHV3-Zmf4AC-6iHNsAVPAUU/getUpdates "HTTP/1.1 200 OK"
2025-11-29 22:59:54,597 - httpx - INFO - HTTP Request: POST https://api.telegram.org/bot8229788169:AAFSq8HtJN7DsHV3-Zmf4AC-6iHNsAVPAUU/getUpdates "HTTP/1.1 200 OK"
2025-11-29 23:00:15,229 - httpx - INFO - HTTP Request: POST https://api.telegram.org/bot8229788169:AAFSq8HtJN7DsHV3-Zmf4AC-6iHNsAVPAUU/getMe "HTTP/1.1 200 OK"
2025-11-29 23:00:15,304 - httpx - INFO - HTTP Request: POST https://api.telegram.org/bot8229788169:AAFSq8HtJN7DsHV3-Zmf4AC-6iHNsAVPAUU/deleteWebhook "HTTP/1.1 200 OK"
2025-11-29 23:00:15,305 - apscheduler.scheduler - INFO - Scheduler started
2025-11-29 23:00:15,306 - telegram.ext.Application - INFO - Application started
2025-11-29 23:00:16,470 - httpx - INFO - HTTP Request: POST https://api.telegram.org/bot8229788169:AAFSq8HtJN7DsHV3-Zmf4AC-6iHNsAVPAUU/getUpdates "HTTP/1.1 200 OK"
2025-11-29 23:00:16,574 - httpx - INFO - HTTP Request: POST https://api.telegram.org/bot8229788169:AAFSq8HtJN7DsHV3-Zmf4AC-6iHNsAVPAUU/sendMessage "HTTP/1.1 200 OK"
2025-11-29 23:00:26,568 - httpx - INFO - HTTP Request: POST https://api.telegram.org/bot8229788169:AAFSq8HtJN7DsHV3-Zmf4AC-6iHNsAVPAUU/getUpdates "HTTP/1.1 200 OK"
2025-11-29 23:00:36,651 - httpx - INFO - HTTP Request: POST https://api.telegram.org/bot8229788169:AAFSq8HtJN7DsHV3-Zmf4AC-6iHNsAVPAUU/getUpdates "HTTP/1.1 200 OK"
2025-11-29 23:02:20,808 - httpx - INFO - HTTP Request: POST https://api.telegram.org/bot8229788169:AAFSq8HtJN7DsHV3-Zmf4AC-6iHNsAVPAUU/getMe "HTTP/1.1 200 OK"
2025-11-29 23:02:20,884 - httpx - INFO - HTTP Request: POST https://api.telegram.org/bot8229788169:AAFSq8HtJN7DsHV3-Zmf4AC-6iHNsAVPAUU/deleteWebhook "HTTP/1.1 200 OK"
2025-11-29 23:02:20,886 - apscheduler.scheduler - INFO - Scheduler started
2025-11-29 23:02:20,886 - telegram.ext.Application - INFO - Application started
2025-11-29 23:02:27,677 - httpx - INFO - HTTP Request: POST https://api.telegram.org/bot8229788169:AAFSq8HtJN7DsHV3-Zmf4AC-6iHNsAVPAUU/getUpdates "HTTP/1.1 200 OK"
2025-11-29 23:02:27,925 - httpx - INFO - HTTP Request: POST https://api.telegram.org/bot8229788169:AAFSq8HtJN7DsHV3-Zmf4AC-6iHNsAVPAUU/sendMessage "HTTP/1.1 200 OK"
2025-11-29 23:02:31,305 - httpx - INFO - HTTP Request: POST https://api.telegram.org/bot8229788169:AAFSq8HtJN7DsHV3-Zmf4AC-6iHNsAVPAUU/getUpdates "HTTP/1.1 200 OK"
2025-11-29 23:02:31,403 - httpx - INFO - HTTP Request: POST https://api.telegram.org/bot8229788169:AAFSq8HtJN7DsHV3-Zmf4AC-6iHNsAVPAUU/sendMessage "HTTP/1.1 200 OK"
2025-11-29 23:02:35,906 - httpx - INFO - HTTP Request: POST https://api.telegram.org/bot8229788169:AAFSq8HtJN7DsHV3-Zmf4AC-6iHNsAVPAUU/getUpdates "HTTP/1.1 200 OK"
2025-11-29 23:02:36,020 - httpx - INFO - HTTP Request: POST https://api.telegram.org/bot8229788169:AAFSq8HtJN7DsHV3-Zmf4AC-6iHNsAVPAUU/sendMessage "HTTP/1.1 200 OK"
2025-11-29 23:02:45,997 - httpx - INFO - HTTP Request: POST https://api.telegram.org/bot8229788169:AAFSq8HtJN7DsHV3-Zmf4AC-6iHNsAVPAUU/getUpdates "HTTP/1.1 200 OK"
2025-11-29 23:02:50,981 - httpx - INFO - HTTP Request: POST https://api.telegram.org/bot8229788169:AAFSq8HtJN7DsHV3-Zmf4AC-6iHNsAVPAUU/getUpdates "HTTP/1.1 200 OK"
2025-11-29 23:02:51,243 - httpx - INFO - HTTP Request: POST https://api.telegram.org/bot8229788169:AAFSq8HtJN7DsHV3-Zmf4AC-6iHNsAVPAUU/sendMessage "HTTP/1.1 200 OK"
2025-11-29 23:03:00,040 - httpx - INFO - HTTP Request: POST https://api.telegram.org/bot8229788169:AAFSq8HtJN7DsHV3-Zmf4AC-6iHNsAVPAUU/getUpdates "HTTP/1.1 200 OK"
2025-11-29 23:03:00,308 - httpx - INFO - HTTP Request: POST https://api.telegram.org/bot8229788169:AAFSq8HtJN7DsHV3-Zmf4AC-6iHNsAVPAUU/sendMessage "HTTP/1.1 200 OK"
2025-11-29 23:03:10,121 - httpx - INFO - HTTP Request: POST https://api.telegram.org/bot8229788169:AAFSq8HtJN7DsHV3-Zmf4AC-6iHNsAVPAUU/getUpdates "HTTP/1.1 200 OK"
2025-11-29 23:03:20,198 - httpx - INFO - HTTP Request: POST https://api.telegram.org/bot8229788169:AAFSq8HtJN7DsHV3-Zmf4AC-6iHNsAVPAUU/getUpdates "HTTP/1.1 200 OK"
2025-11-29 23:03:22,374 - httpx - INFO - HTTP Request: POST https://api.telegram.org/bot8229788169:AAFSq8HtJN7DsHV3-Zmf4AC-6iHNsAVPAUU/getUpdates "HTTP/1.1 200 OK"
2025-11-29 23:03:22,809 - httpx - INFO - HTTP Request: POST https://api.telegram.org/bot8229788169:AAFSq8HtJN7DsHV3-Zmf4AC-6iHNsAVPAUU/sendMessage "HTTP/1.1 200 OK"
2025-11-29 23:03:32,453 - httpx - INFO - HTTP Request: POST https://api.telegram.org/bot8229788169:AAFSq8HtJN7DsHV3-Zmf4AC-6iHNsAVPAUU/getUpdates "HTTP/1.1 200 OK"
2025-11-29 23:03:41,546 - httpx - INFO - HTTP Request: POST https://api.telegram.org/bot8229788169:AAFSq8HtJN7DsHV3-Zmf4AC-6iHNsAVPAUU/getUpdates "HTTP/1.1 200 OK"
2025-11-29 23:03:41,808 - httpx - INFO - HTTP Request: POST https://api.telegram.org/bot8229788169:AAFSq8HtJN7DsHV3-Zmf4AC-6iHNsAVPAUU/sendMessage "HTTP/1.1 200 OK"
2025-11-29 23:03:51,440 - httpx - INFO - HTTP Request: POST https://api.telegram.org/bot8229788169:AAFSq8HtJN7DsHV3-Zmf4AC-6iHNsAVPAUU/getUpdates "HTTP/1.1 200 OK"
2025-11-29 23:03:51,696 - httpx - INFO - HTTP Request: POST https://api.telegram.org/bot8229788169:AAFSq8HtJN7DsHV3-Zmf4AC-6iHNsAVPAUU/sendMessage "HTTP/1.1 200 OK"
2025-11-29 23:04:01,520 - httpx - INFO - HTTP Request: POST https://api.telegram.org/bot8229788169:AAFSq8HtJN7DsHV3-Zmf4AC-6iHNsAVPAUU/getUpdates "HTTP/1.1 200 OK"
2025-11-29 23:04:04,322 - httpx - INFO - HTTP Request: POST https://api.telegram.org/bot8229788169:AAFSq8HtJN7DsHV3-Zmf4AC-6iHNsAVPAUU/getUpdates "HTTP/1.1 200 OK"
2025-11-29 23:04:04,592 - httpx - INFO - HTTP Request: POST https://api.telegram.org/bot8229788169:AAFSq8HtJN7DsHV3-Zmf4AC-6iHNsAVPAUU/sendMessage "HTTP/1.1 200 OK"
2025-11-29 23:04:08,263 - httpx - INFO - HTTP Request: POST https://api.telegram.org/bot8229788169:AAFSq8HtJN7DsHV3-Zmf4AC-6iHNsAVPAUU/getUpdates "HTTP/1.1 200 OK"
2025-11-29 23:04:08,399 - httpx - INFO - HTTP Request: POST https://api.telegram.org/bot8229788169:AAFSq8HtJN7DsHV3-Zmf4AC-6iHNsAVPAUU/sendMessage "HTTP/1.1 200 OK"
2025-11-29 23:04:18,344 - httpx - INFO - HTTP Request: POST https://api.telegram.org/bot8229788169:AAFSq8HtJN7DsHV3-Zmf4AC-6iHNsAVPAUU/getUpdates "HTTP/1.1 200 OK"
2025-11-29 23:04:28,423 - httpx - INFO - HTTP Request: POST https://api.telegram.org/bot8229788169:AAFSq8HtJN7DsHV3-Zmf4AC-6iHNsAVPAUU/getUpdates "HTTP/1.1 200 OK"
2025-11-29 23:05:22,913 - httpx - INFO - HTTP Request: POST https://api.telegram.org/bot8229788169:AAFSq8HtJN7DsHV3-Zmf4AC-6iHNsAVPAUU/getMe "HTTP/1.1 200 OK"
2025-11-29 23:05:22,991 - httpx - INFO - HTTP Request: POST https://api.telegram.org/bot8229788169:AAFSq8HtJN7DsHV3-Zmf4AC-6iHNsAVPAUU/deleteWebhook "HTTP/1.1 200 OK"
2025-11-29 23:05:22,993 - apscheduler.scheduler - INFO - Scheduler started
2025-11-29 23:05:22,993 - telegram.ext.Application - INFO - Application started
2025-11-29 23:05:30,976 - httpx - INFO - HTTP Request: POST https://api.telegram.org/bot8229788169:AAFSq8HtJN7DsHV3-Zmf4AC-6iHNsAVPAUU/getUpdates "HTTP/1.1 200 OK"
2025-11-29 23:05:31,237 - httpx - INFO - HTTP Request: POST https://api.telegram.org/bot8229788169:AAFSq8HtJN7DsHV3-Zmf4AC-6iHNsAVPAUU/sendMessage "HTTP/1.1 200 OK"
2025-11-29 23:05:41,052 - httpx - INFO - HTTP Request: POST https://api.telegram.org/bot8229788169:AAFSq8HtJN7DsHV3-Zmf4AC-6iHNsAVPAUU/getUpdates "HTTP/1.1 200 OK"
2025-11-29 23:05:51,125 - httpx - INFO - HTTP Request: POST https://api.telegram.org/bot8229788169:AAFSq8HtJN7DsHV3-Zmf4AC-6iHNsAVPAUU/getUpdates "HTTP/1.1 200 OK"
2025-11-29 23:06:01,199 - httpx - INFO - HTTP Request: POST https://api.telegram.org/bot8229788169:AAFSq8HtJN7DsHV3-Zmf4AC-6iHNsAVPAUU/getUpdates "HTTP/1.1 200 OK"
2025-11-29 23:06:03,184 - httpx - INFO - HTTP Request: POST https://api.telegram.org/bot8229788169:AAFSq8HtJN7DsHV3-Zmf4AC-6iHNsAVPAUU/getUpdates "HTTP/1.1 200 OK"
2025-11-29 23:06:03,434 - httpx - INFO - HTTP Request: POST https://api.telegram.org/bot8229788169:AAFSq8HtJN7DsHV3-Zmf4AC-6iHNsAVPAUU/sendMessage "HTTP/1.1 200 OK"
2025-11-29 23:06:13,260 - httpx - INFO - HTTP Request: POST https://api.telegram.org/bot8229788169:AAFSq8HtJN7DsHV3-Zmf4AC-6iHNsAVPAUU/getUpdates "HTTP/1.1 200 OK"
2025-11-29 23:06:15,176 - httpx - INFO - HTTP Request: POST https://api.telegram.org/bot8229788169:AAFSq8HtJN7DsHV3-Zmf4AC-6iHNsAVPAUU/getUpdates "HTTP/1.1 200 OK"
2025-11-29 23:06:15,430 - httpx - INFO - HTTP Request: POST https://api.telegram.org/bot8229788169:AAFSq8HtJN7DsHV3-Zmf4AC-6iHNsAVPAUU/sendMessage "HTTP/1.1 200 OK"
2025-11-29 23:06:21,296 - httpx - INFO - HTTP Request: POST https://api.telegram.org/bot8229788169:AAFSq8HtJN7DsHV3-Zmf4AC-6iHNsAVPAUU/getUpdates "HTTP/1.1 200 OK"
2025-11-29 23:06:21,551 - httpx - INFO - HTTP Request: POST https://api.telegram.org/bot8229788169:AAFSq8HtJN7DsHV3-Zmf4AC-6iHNsAVPAUU/sendMessage "HTTP/1.1 200 OK"
2025-11-29 23:06:31,372 - httpx - INFO - HTTP Request: POST https://api.telegram.org/bot8229788169:AAFSq8HtJN7DsHV3-Zmf4AC-6iHNsAVPAUU/getUpdates "HTTP/1.1 200 OK"
2025-11-29 23:06:41,446 - httpx - INFO - HTTP Request: POST https://api.telegram.org/bot8229788169:AAFSq8HtJN7DsHV3-Zmf4AC-6iHNsAVPAUU/getUpdates "HTTP/1.1 200 OK"
2025-11-29 23:06:51,520 - httpx - INFO - HTTP Request: POST https://api.telegram.org/bot8229788169:AAFSq8HtJN7DsHV3-Zmf4AC-6iHNsAVPAUU/getUpdates "HTTP/1.1 200 OK"
2025-11-29 23:07:01,595 - httpx - INFO - HTTP Request: POST https://api.telegram.org/bot8229788169:AAFSq8HtJN7DsHV3-Zmf4AC-6iHNsAVPAUU/getUpdates "HTTP/1.1 200 OK"
2025-11-29 23:07:11,668 - httpx - INFO - HTTP Request: POST https://api.telegram.org/bot8229788169:AAFSq8HtJN7DsHV3-Zmf4AC-6iHNsAVPAUU/getUpdates "HTTP/1.1 200 OK"
2025-11-29 23:07:21,743 - httpx - INFO - HTTP Request: POST https://api.telegram.org/bot8229788169:AAFSq8HtJN7DsHV3-Zmf4AC-6iHNsAVPAUU/getUpdates "HTTP/1.1 200 OK"
2025-11-29 23:07:31,817 - httpx - INFO - HTTP Request: POST https://api.telegram.org/bot8229788169:AAFSq8HtJN7DsHV3-Zmf4AC-6iHNsAVPAUU/getUpdates "HTTP/1.1 200 OK"
2025-11-29 23:07:41,891 - httpx - INFO - HTTP Request: POST https://api.telegram.org/bot8229788169:AAFSq8HtJN7DsHV3-Zmf4AC-6iHNsAVPAUU/getUpdates "HTTP/1.1 200 OK"
2025-11-29 23:07:51,966 - httpx - INFO - HTTP Request: POST https://api.telegram.org/bot8229788169:AAFSq8HtJN7DsHV3-Zmf4AC-6iHNsAVPAUU/getUpdates "HTTP/1.1 200 OK"
2025-11-29 23:08:02,040 - httpx - INFO - HTTP Request: POST https://api.telegram.org/bot8229788169:AAFSq8HtJN7DsHV3-Zmf4AC-6iHNsAVPAUU/getUpdates "HTTP/1.1 200 OK"
2025-11-29 23:08:12,115 - httpx - INFO - HTTP Request: POST https://api.telegram.org/bot8229788169:AAFSq8HtJN7DsHV3-Zmf4AC-6iHNsAVPAUU/getUpdates "HTTP/1.1 200 OK"
2025-11-29 23:08:22,188 - httpx - INFO - HTTP Request: POST https://api.telegram.org/bot8229788169:AAFSq8HtJN7DsHV3-Zmf4AC-6iHNsAVPAUU/getUpdates "HTTP/1.1 200 OK"
2025-11-29 23:08:32,263 - httpx - INFO - HTTP Request: POST https://api.telegram.org/bot8229788169:AAFSq8HtJN7DsHV3-Zmf4AC-6iHNsAVPAUU/getUpdates "HTTP/1.1 200 OK"
2025-11-29 23:08:42,338 - httpx - INFO - HTTP Request: POST https://api.telegram.org/bot8229788169:AAFSq8HtJN7DsHV3-Zmf4AC-6iHNsAVPAUU/getUpdates "HTTP/1.1 200 OK"
2025-11-29 23:08:52,413 - httpx - INFO - HTTP Request: POST https://api.telegram.org/bot8229788169:AAFSq8HtJN7DsHV3-Zmf4AC-6iHNsAVPAUU/getUpdates "HTTP/1.1 200 OK"
2025-11-29 23:09:02,487 - httpx - INFO - HTTP Request: POST https://api.telegram.org/bot8229788169:AAFSq8HtJN7DsHV3-Zmf4AC-6iHNsAVPAUU/getUpdates "HTTP/1.1 200 OK"
2025-11-29 23:09:12,562 - httpx - INFO - HTTP Request: POST https://api.telegram.org/bot8229788169:AAFSq8HtJN7DsHV3-Zmf4AC-6iHNsAVPAUU/getUpdates "HTTP/1.1 200 OK"
2025-11-29 23:09:22,636 - httpx - INFO - HTTP Request: POST https://api.telegram.org/bot8229788169:AAFSq8HtJN7DsHV3-Zmf4AC-6iHNsAVPAUU/getUpdates "HTTP/1.1 200 OK"
2025-11-29 23:09:32,710 - httpx - INFO - HTTP Request: POST https://api.telegram.org/bot8229788169:AAFSq8HtJN7DsHV3-Zmf4AC-6iHNsAVPAUU/getUpdates "HTTP/1.1 200 OK"
2025-11-29 23:09:42,784 - httpx - INFO - HTTP Request: POST https://api.telegram.org/bot8229788169:AAFSq8HtJN7DsHV3-Zmf4AC-6iHNsAVPAUU/getUpdates "HTTP/1.1 200 OK"
2025-11-29 23:09:52,859 - httpx - INFO - HTTP Request: POST https://api.telegram.org/bot8229788169:AAFSq8HtJN7DsHV3-Zmf4AC-6iHNsAVPAUU/getUpdates "HTTP/1.1 200 OK"
2025-11-29 23:10:02,934 - httpx - INFO - HTTP Request: POST https://api.telegram.org/bot8229788169:AAFSq8HtJN7DsHV3-Zmf4AC-6iHNsAVPAUU/getUpdates "HTTP/1.1 200 OK"
2025-11-29 23:10:13,007 - httpx - INFO - HTTP Request: POST https://api.telegram.org/bot8229788169:AAFSq8HtJN7DsHV3-Zmf4AC-6iHNsAVPAUU/getUpdates "HTTP/1.1 200 OK"
2025-11-29 23:10:23,081 - httpx - INFO - HTTP Request: POST https://api.telegram.org/bot8229788169:AAFSq8HtJN7DsHV3-Zmf4AC-6iHNsAVPAUU/getUpdates "HTTP/1.1 200 OK"
2025-11-29 23:10:33,157 - httpx - INFO - HTTP Request: POST https://api.telegram.org/bot8229788169:AAFSq8HtJN7DsHV3-Zmf4AC-6iHNsAVPAUU/getUpdates "HTTP/1.1 200 OK"
2025-11-29 23:10:43,231 - httpx - INFO - HTTP Request: POST https://api.telegram.org/bot8229788169:AAFSq8HtJN7DsHV3-Zmf4AC-6iHNsAVPAUU/getUpdates "HTTP/1.1 200 OK"
2025-11-29 23:10:53,306 - httpx - INFO - HTTP Request: POST https://api.telegram.org/bot8229788169:AAFSq8HtJN7DsHV3-Zmf4AC-6iHNsAVPAUU/getUpdates "HTTP/1.1 200 OK"
2025-11-29 23:11:03,379 - httpx - INFO - HTTP Request: POST https://api.telegram.org/bot8229788169:AAFSq8HtJN7DsHV3-Zmf4AC-6iHNsAVPAUU/getUpdates "HTTP/1.1 200 OK"
2025-11-29 23:11:13,454 - httpx - INFO - HTTP Request: POST https://api.telegram.org/bot8229788169:AAFSq8HtJN7DsHV3-Zmf4AC-6iHNsAVPAUU/getUpdates "HTTP/1.1 200 OK"
2025-11-29 23:11:23,528 - httpx - INFO - HTTP Request: POST https://api.telegram.org/bot8229788169:AAFSq8HtJN7DsHV3-Zmf4AC-6iHNsAVPAUU/getUpdates "HTTP/1.1 200 OK"
2025-11-29 23:11:33,602 - httpx - INFO - HTTP Request: POST https://api.telegram.org/bot8229788169:AAFSq8HtJN7DsHV3-Zmf4AC-6iHNsAVPAUU/getUpdates "HTTP/1.1 200 OK"
2025-11-29 23:11:43,678 - httpx - INFO - HTTP Request: POST https://api.telegram.org/bot8229788169:AAFSq8HtJN7DsHV3-Zmf4AC-6iHNsAVPAUU/getUpdates "HTTP/1.1 200 OK"
2025-11-29 23:11:53,751 - httpx - INFO - HTTP Request: POST https://api.telegram.org/bot8229788169:AAFSq8HtJN7DsHV3-Zmf4AC-6iHNsAVPAUU/getUpdates "HTTP/1.1 200 OK"
2025-11-29 23:12:03,826 - httpx - INFO - HTTP Request: POST https://api.telegram.org/bot8229788169:AAFSq8HtJN7DsHV3-Zmf4AC-6iHNsAVPAUU/getUpdates "HTTP/1.1 200 OK"
2025-11-29 23:12:13,902 - httpx - INFO - HTTP Request: POST https://api.telegram.org/bot8229788169:AAFSq8HtJN7DsHV3-Zmf4AC-6iHNsAVPAUU/getUpdates "HTTP/1.1 200 OK"
2025-11-29 23:12:23,975 - httpx - INFO - HTTP Request: POST https://api.telegram.org/bot8229788169:AAFSq8HtJN7DsHV3-Zmf4AC-6iHNsAVPAUU/getUpdates "HTTP/1.1 200 OK"
2025-11-29 23:12:34,049 - httpx - INFO - HTTP Request: POST https://api.telegram.org/bot8229788169:AAFSq8HtJN7DsHV3-Zmf4AC-6iHNsAVPAUU/getUpdates "HTTP/1.1 200 OK"
2025-11-29 23:12:44,127 - httpx - INFO - HTTP Request: POST https://api.telegram.org/bot8229788169:AAFSq8HtJN7DsHV3-Zmf4AC-6iHNsAVPAUU/getUpdates "HTTP/1.1 200 OK"
2025-11-29 23:12:54,201 - httpx - INFO - HTTP Request: POST https://api.telegram.org/bot8229788169:AAFSq8HtJN7DsHV3-Zmf4AC-6iHNsAVPAUU/getUpdates "HTTP/1.1 200 OK"
2025-11-29 23:13:04,275 - httpx - INFO - HTTP Request: POST https://api.telegram.org/bot8229788169:AAFSq8HtJN7DsHV3-Zmf4AC-6iHNsAVPAUU/getUpdates "HTTP/1.1 200 OK"
2025-11-29 23:13:14,349 - httpx - INFO - HTTP Request: POST https://api.telegram.org/bot8229788169:AAFSq8HtJN7DsHV3-Zmf4AC-6iHNsAVPAUU/getUpdates "HTTP/1.1 200 OK"
2025-11-29 23:13:24,424 - httpx - INFO - HTTP Request: POST https://api.telegram.org/bot8229788169:AAFSq8HtJN7DsHV3-Zmf4AC-6iHNsAVPAUU/getUpdates "HTTP/1.1 200 OK"
2025-11-29 23:13:34,499 - httpx - INFO - HTTP Request: POST https://api.telegram.org/bot8229788169:AAFSq8HtJN7DsHV3-Zmf4AC-6iHNsAVPAUU/getUpdates "HTTP/1.1 200 OK"
2025-11-29 23:13:44,573 - httpx - INFO - HTTP Request: POST https://api.telegram.org/bot8229788169:AAFSq8HtJN7DsHV3-Zmf4AC-6iHNsAVPAUU/getUpdates "HTTP/1.1 200 OK"
2025-11-29 23:13:54,647 - httpx - INFO - HTTP Request: POST https://api.telegram.org/bot8229788169:AAFSq8HtJN7DsHV3-Zmf4AC-6iHNsAVPAUU/getUpdates "HTTP/1.1 200 OK"
2025-11-29 23:14:04,722 - httpx - INFO - HTTP Request: POST https://api.telegram.org/bot8229788169:AAFSq8HtJN7DsHV3-Zmf4AC-6iHNsAVPAUU/getUpdates "HTTP/1.1 200 OK"
2025-11-29 23:14:14,796 - httpx - INFO - HTTP Request: POST https://api.telegram.org/bot8229788169:AAFSq8HtJN7DsHV3-Zmf4AC-6iHNsAVPAUU/getUpdates "HTTP/1.1 200 OK"
2025-11-29 23:14:24,870 - httpx - INFO - HTTP Request: POST https://api.telegram.org/bot8229788169:AAFSq8HtJN7DsHV3-Zmf4AC-6iHNsAVPAUU/getUpdates "HTTP/1.1 200 OK"
2025-11-29 23:15:08,706 - httpx - INFO - HTTP Request: POST https://api.telegram.org/bot8229788169:AAFSq8HtJN7DsHV3-Zmf4AC-6iHNsAVPAUU/getMe "HTTP/1.1 200 OK"
2025-11-29 23:15:08,784 - httpx - INFO - HTTP Request: POST https://api.telegram.org/bot8229788169:AAFSq8HtJN7DsHV3-Zmf4AC-6iHNsAVPAUU/deleteWebhook "HTTP/1.1 200 OK"
2025-11-29 23:15:08,786 - apscheduler.scheduler - INFO - Scheduler started
2025-11-29 23:15:08,786 - telegram.ext.Application - INFO - Application started
2025-11-29 23:15:19,034 - httpx - INFO - HTTP Request: POST https://api.telegram.org/bot8229788169:AAFSq8HtJN7DsHV3-Zmf4AC-6iHNsAVPAUU/getUpdates "HTTP/1.1 200 OK"
2025-11-29 23:15:20,856 - httpx - INFO - HTTP Request: POST https://api.telegram.org/bot8229788169:AAFSq8HtJN7DsHV3-Zmf4AC-6iHNsAVPAUU/getUpdates "HTTP/1.1 200 OK"
2025-11-29 23:15:21,113 - httpx - INFO - HTTP Request: POST https://api.telegram.org/bot8229788169:AAFSq8HtJN7DsHV3-Zmf4AC-6iHNsAVPAUU/sendMessage "HTTP/1.1 200 OK"
2025-11-29 23:15:23,990 - httpx - INFO - HTTP Request: POST https://api.telegram.org/bot8229788169:AAFSq8HtJN7DsHV3-Zmf4AC-6iHNsAVPAUU/getUpdates "HTTP/1.1 200 OK"
2025-11-29 23:15:24,099 - httpx - INFO - HTTP Request: POST https://api.telegram.org/bot8229788169:AAFSq8HtJN7DsHV3-Zmf4AC-6iHNsAVPAUU/sendMessage "HTTP/1.1 200 OK"
2025-11-29 23:15:34,077 - httpx - INFO - HTTP Request: POST https://api.telegram.org/bot8229788169:AAFSq8HtJN7DsHV3-Zmf4AC-6iHNsAVPAUU/getUpdates "HTTP/1.1 200 OK"
2025-11-29 23:15:44,161 - httpx - INFO - HTTP Request: POST https://api.telegram.org/bot8229788169:AAFSq8HtJN7DsHV3-Zmf4AC-6iHNsAVPAUU/getUpdates "HTTP/1.1 200 OK"
2025-11-29 23:15:54,252 - httpx - INFO - HTTP Request: POST https://api.telegram.org/bot8229788169:AAFSq8HtJN7DsHV3-Zmf4AC-6iHNsAVPAUU/getUpdates "HTTP/1.1 200 OK"
2025-11-29 23:16:04,339 - httpx - INFO - HTTP Request: POST https://api.telegram.org/bot8229788169:AAFSq8HtJN7DsHV3-Zmf4AC-6iHNsAVPAUU/getUpdates "HTTP/1.1 200 OK"
2025-11-29 23:16:14,424 - httpx - INFO - HTTP Request: POST https://api.telegram.org/bot8229788169:AAFSq8HtJN7DsHV3-Zmf4AC-6iHNsAVPAUU/getUpdates "HTTP/1.1 200 OK"
2025-11-29 23:16:24,509 - httpx - INFO - HTTP Request: POST https://api.telegram.org/bot8229788169:AAFSq8HtJN7DsHV3-Zmf4AC-6iHNsAVPAUU/getUpdates "HTTP/1.1 200 OK"
2025-11-29 23:16:34,594 - httpx - INFO - HTTP Request: POST https://api.telegram.org/bot8229788169:AAFSq8HtJN7DsHV3-Zmf4AC-6iHNsAVPAUU/getUpdates "HTTP/1.1 200 OK"
2025-11-29 23:16:44,690 - httpx - INFO - HTTP Request: POST https://api.telegram.org/bot8229788169:AAFSq8HtJN7DsHV3-Zmf4AC-6iHNsAVPAUU/getUpdates "HTTP/1.1 200 OK"
2025-11-29 23:16:54,774 - httpx - INFO - HTTP Request: POST https://api.telegram.org/bot8229788169:AAFSq8HtJN7DsHV3-Zmf4AC-6iHNsAVPAUU/getUpdates "HTTP/1.1 200 OK"
2025-11-29 23:17:04,859 - httpx - INFO - HTTP Request: POST https://api.telegram.org/bot8229788169:AAFSq8HtJN7DsHV3-Zmf4AC-6iHNsAVPAUU/getUpdates "HTTP/1.1 200 OK"
2025-11-29 23:17:14,945 - httpx - INFO - HTTP Request: POST https://api.telegram.org/bot8229788169:AAFSq8HtJN7DsHV3-Zmf4AC-6iHNsAVPAUU/getUpdates "HTTP/1.1 200 OK"
2025-11-29 23:17:25,031 - httpx - INFO - HTTP Request: POST https://api.telegram.org/bot8229788169:AAFSq8HtJN7DsHV3-Zmf4AC-6iHNsAVPAUU/getUpdates "HTTP/1.1 200 OK"
2025-11-29 23:17:32,120 - httpx - INFO - HTTP Request: POST https://api.telegram.org/bot8229788169:AAFSq8HtJN7DsHV3-Zmf4AC-6iHNsAVPAUU/getUpdates "HTTP/1.1 200 OK"
2025-11-29 23:17:32,123 - root - ERROR - Exception while handling an update: invalid literal for int() with base 10: 'подарок"'
2025-11-29 23:17:42,207 - httpx - INFO - HTTP Request: POST https://api.telegram.org/bot8229788169:AAFSq8HtJN7DsHV3-Zmf4AC-6iHNsAVPAUU/getUpdates "HTTP/1.1 200 OK"
2025-11-29 23:17:48,783 - httpx - INFO - HTTP Request: POST https://api.telegram.org/bot8229788169:AAFSq8HtJN7DsHV3-Zmf4AC-6iHNsAVPAUU/getUpdates "HTTP/1.1 200 OK"
2025-11-29 23:17:48,784 - root - ERROR - Exception while handling an update: invalid literal for int() with base 10: 'подарок"'
2025-11-29 23:17:58,867 - httpx - INFO - HTTP Request: POST https://api.telegram.org/bot8229788169:AAFSq8HtJN7DsHV3-Zmf4AC-6iHNsAVPAUU/getUpdates "HTTP/1.1 200 OK"
2025-11-29 23:18:08,961 - httpx - INFO - HTTP Request: POST https://api.telegram.org/bot8229788169:AAFSq8HtJN7DsHV3-Zmf4AC-6iHNsAVPAUU/getUpdates "HTTP/1.1 200 OK"
2025-11-29 23:18:19,046 - httpx - INFO - HTTP Request: POST https://api.telegram.org/bot8229788169:AAFSq8HtJN7DsHV3-Zmf4AC-6iHNsAVPAUU/getUpdates "HTTP/1.1 200 OK"
2025-11-29 23:18:29,130 - httpx - INFO - HTTP Request: POST https://api.telegram.org/bot8229788169:AAFSq8HtJN7DsHV3-Zmf4AC-6iHNsAVPAUU/getUpdates "HTTP/1.1 200 OK"
2025-11-29 23:18:39,214 - httpx - INFO - HTTP Request: POST https://api.telegram.org/bot8229788169:AAFSq8HtJN7DsHV3-Zmf4AC-6iHNsAVPAUU/getUpdates "HTTP/1.1 200 OK"
2025-11-29 23:18:49,303 - httpx - INFO - HTTP Request: POST https://api.telegram.org/bot8229788169:AAFSq8HtJN7DsHV3-Zmf4AC-6iHNsAVPAUU/getUpdates "HTTP/1.1 200 OK"
2025-11-29 23:18:59,393 - httpx - INFO - HTTP Request: POST https://api.telegram.org/bot8229788169:AAFSq8HtJN7DsHV3-Zmf4AC-6iHNsAVPAUU/getUpdates "HTTP/1.1 200 OK"
2025-11-29 23:19:09,479 - httpx - INFO - HTTP Request: POST https://api.telegram.org/bot8229788169:AAFSq8HtJN7DsHV3-Zmf4AC-6iHNsAVPAUU/getUpdates "HTTP/1.1 200 OK"
2025-11-29 23:19:19,561 - httpx - INFO - HTTP Request: POST https://api.telegram.org/bot8229788169:AAFSq8HtJN7DsHV3-Zmf4AC-6iHNsAVPAUU/getUpdates "HTTP/1.1 200 OK"
2025-11-29 23:19:29,666 - httpx - INFO - HTTP Request: POST https://api.telegram.org/bot8229788169:AAFSq8HtJN7DsHV3-Zmf4AC-6iHNsAVPAUU/getUpdates "HTTP/1.1 200 OK"
2025-11-29 23:19:39,750 - httpx - INFO - HTTP Request: POST https://api.telegram.org/bot8229788169:AAFSq8HtJN7DsHV3-Zmf4AC-6iHNsAVPAUU/getUpdates "HTTP/1.1 200 OK"
2025-11-29 23:19:49,835 - httpx - INFO - HTTP Request: POST https://api.telegram.org/bot8229788169:AAFSq8HtJN7DsHV3-Zmf4AC-6iHNsAVPAUU/getUpdates "HTTP/1.1 200 OK"
2025-11-29 23:19:59,920 - httpx - INFO - HTTP Request: POST https://api.telegram.org/bot8229788169:AAFSq8HtJN7DsHV3-Zmf4AC-6iHNsAVPAUU/getUpdates "HTTP/1.1 200 OK"
2025-11-29 23:20:10,004 - httpx - INFO - HTTP Request: POST https://api.telegram.org/bot8229788169:AAFSq8HtJN7DsHV3-Zmf4AC-6iHNsAVPAUU/getUpdates "HTTP/1.1 200 OK"
2025-11-29 23:20:20,089 - httpx - INFO - HTTP Request: POST https://api.telegram.org/bot8229788169:AAFSq8HtJN7DsHV3-Zmf4AC-6iHNsAVPAUU/getUpdates "HTTP/1.1 200 OK"
2025-11-29 23:20:30,198 - httpx - INFO - HTTP Request: POST https://api.telegram.org/bot8229788169:AAFSq8HtJN7DsHV3-Zmf4AC-6iHNsAVPAUU/getUpdates "HTTP/1.1 200 OK"
2025-11-29 23:20:40,282 - httpx - INFO - HTTP Request: POST https://api.telegram.org/bot8229788169:AAFSq8HtJN7DsHV3-Zmf4AC-6iHNsAVPAUU/getUpdates "HTTP/1.1 200 OK"
2025-11-29 23:20:50,407 - httpx - INFO - HTTP Request: POST https://api.telegram.org/bot8229788169:AAFSq8HtJN7DsHV3-Zmf4AC-6iHNsAVPAUU/getUpdates "HTTP/1.1 200 OK"
2025-11-29 23:21:00,502 - httpx - INFO - HTTP Request: POST https://api.telegram.org/bot8229788169:AAFSq8HtJN7DsHV3-Zmf4AC-6iHNsAVPAUU/getUpdates "HTTP/1.1 200 OK"
2025-11-29 23:21:10,586 - httpx - INFO - HTTP Request: POST https://api.telegram.org/bot8229788169:AAFSq8HtJN7DsHV3-Zmf4AC-6iHNsAVPAUU/getUpdates "HTTP/1.1 200 OK"
2025-11-29 23:21:20,675 - httpx - INFO - HTTP Request: POST https://api.telegram.org/bot8229788169:AAFSq8HtJN7DsHV3-Zmf4AC-6iHNsAVPAUU/getUpdates "HTTP/1.1 200 OK"
2025-11-29 23:21:30,759 - httpx - INFO - HTTP Request: POST https://api.telegram.org/bot8229788169:AAFSq8HtJN7DsHV3-Zmf4AC-6iHNsAVPAUU/getUpdates "HTTP/1.1 200 OK"
2025-11-29 23:21:40,848 - httpx - INFO - HTTP Request: POST https://api.telegram.org/bot8229788169:AAFSq8HtJN7DsHV3-Zmf4AC-6iHNsAVPAUU/getUpdates "HTTP/1.1 200 OK"
2025-11-29 23:21:50,936 - httpx - INFO - HTTP Request: POST https://api.telegram.org/bot8229788169:AAFSq8HtJN7DsHV3-Zmf4AC-6iHNsAVPAUU/getUpdates "HTTP/1.1 200 OK"
2025-11-29 23:22:01,020 - httpx - INFO - HTTP Request: POST https://api.telegram.org/bot8229788169:AAFSq8HtJN7DsHV3-Zmf4AC-6iHNsAVPAUU/getUpdates "HTTP/1.1 200 OK"
2025-11-29 23:27:01,892 - httpx - INFO - HTTP Request: POST https://api.telegram.org/bot8229788169:AAFSq8HtJN7DsHV3-Zmf4AC-6iHNsAVPAUU/getMe "HTTP/1.1 200 OK"
2025-11-29 23:27:01,965 - httpx - INFO - HTTP Request: POST https://api.telegram.org/bot8229788169:AAFSq8HtJN7DsHV3-Zmf4AC-6iHNsAVPAUU/deleteWebhook "HTTP/1.1 200 OK"
2025-11-29 23:27:01,967 - apscheduler.scheduler - INFO - Scheduler started
2025-11-29 23:27:01,967 - telegram.ext.Application - INFO - Application started
2025-11-29 23:27:06,568 - httpx - INFO - HTTP Request: POST https://api.telegram.org/bot8229788169:AAFSq8HtJN7DsHV3-Zmf4AC-6iHNsAVPAUU/getUpdates "HTTP/1.1 200 OK"
2025-11-29 23:27:06,666 - httpx - INFO - HTTP Request: POST https://api.telegram.org/bot8229788169:AAFSq8HtJN7DsHV3-Zmf4AC-6iHNsAVPAUU/sendMessage "HTTP/1.1 200 OK"
2025-11-29 23:27:15,636 - httpx - INFO - HTTP Request: POST https://api.telegram.org/bot8229788169:AAFSq8HtJN7DsHV3-Zmf4AC-6iHNsAVPAUU/getUpdates "HTTP/1.1 200 OK"
2025-11-29 23:27:15,874 - httpx - INFO - HTTP Request: POST https://api.telegram.org/bot8229788169:AAFSq8HtJN7DsHV3-Zmf4AC-6iHNsAVPAUU/sendMessage "HTTP/1.1 200 OK"
2025-11-29 23:27:19,308 - httpx - INFO - HTTP Request: POST https://api.telegram.org/bot8229788169:AAFSq8HtJN7DsHV3-Zmf4AC-6iHNsAVPAUU/getUpdates "HTTP/1.1 200 OK"
2025-11-29 23:27:19,421 - httpx - INFO - HTTP Request: POST https://api.telegram.org/bot8229788169:AAFSq8HtJN7DsHV3-Zmf4AC-6iHNsAVPAUU/sendMessage "HTTP/1.1 200 OK"
2025-11-29 23:27:29,388 - httpx - INFO - HTTP Request: POST https://api.telegram.org/bot8229788169:AAFSq8HtJN7DsHV3-Zmf4AC-6iHNsAVPAUU/getUpdates "HTTP/1.1 200 OK"
2025-11-29 23:27:39,465 - httpx - INFO - HTTP Request: POST https://api.telegram.org/bot8229788169:AAFSq8HtJN7DsHV3-Zmf4AC-6iHNsAVPAUU/getUpdates "HTTP/1.1 200 OK"
2025-11-29 23:27:49,542 - httpx - INFO - HTTP Request: POST https://api.telegram.org/bot8229788169:AAFSq8HtJN7DsHV3-Zmf4AC-6iHNsAVPAUU/getUpdates "HTTP/1.1 200 OK"
2025-11-29 23:27:59,619 - httpx - INFO - HTTP Request: POST https://api.telegram.org/bot8229788169:AAFSq8HtJN7DsHV3-Zmf4AC-6iHNsAVPAUU/getUpdates "HTTP/1.1 200 OK"
2025-11-29 23:28:09,696 - httpx - INFO - HTTP Request: POST https://api.telegram.org/bot8229788169:AAFSq8HtJN7DsHV3-Zmf4AC-6iHNsAVPAUU/getUpdates "HTTP/1.1 200 OK"
2025-11-29 23:28:19,774 - httpx - INFO - HTTP Request: POST https://api.telegram.org/bot8229788169:AAFSq8HtJN7DsHV3-Zmf4AC-6iHNsAVPAUU/getUpdates "HTTP/1.1 200 OK"
2025-11-29 23:28:29,851 - httpx - INFO - HTTP Request: POST https://api.telegram.org/bot8229788169:AAFSq8HtJN7DsHV3-Zmf4AC-6iHNsAVPAUU/getUpdates "HTTP/1.1 200 OK"
2025-11-29 23:28:39,929 - httpx - INFO - HTTP Request: POST https://api.telegram.org/bot8229788169:AAFSq8HtJN7DsHV3-Zmf4AC-6iHNsAVPAUU/getUpdates "HTTP/1.1 200 OK"
2025-11-29 23:28:50,006 - httpx - INFO - HTTP Request: POST https://api.telegram.org/bot8229788169:AAFSq8HtJN7DsHV3-Zmf4AC-6iHNsAVPAUU/getUpdates "HTTP/1.1 200 OK"
2025-11-29 23:29:00,084 - httpx - INFO - HTTP Request: POST https://api.telegram.org/bot8229788169:AAFSq8HtJN7DsHV3-Zmf4AC-6iHNsAVPAUU/getUpdates "HTTP/1.1 200 OK"
2025-11-29 23:29:03,558 - httpx - INFO - HTTP Request: POST https://api.telegram.org/bot8229788169:AAFSq8HtJN7DsHV3-Zmf4AC-6iHNsAVPAUU/getUpdates "HTTP/1.1 200 OK"
2025-11-29 23:29:03,804 - httpx - INFO - HTTP Request: POST https://api.telegram.org/bot8229788169:AAFSq8HtJN7DsHV3-Zmf4AC-6iHNsAVPAUU/sendMessage "HTTP/1.1 200 OK"
2025-11-29 23:29:11,297 - httpx - INFO - HTTP Request: POST https://api.telegram.org/bot8229788169:AAFSq8HtJN7DsHV3-Zmf4AC-6iHNsAVPAUU/getUpdates "HTTP/1.1 200 OK"
2025-11-29 23:29:11,540 - httpx - INFO - HTTP Request: POST https://api.telegram.org/bot8229788169:AAFSq8HtJN7DsHV3-Zmf4AC-6iHNsAVPAUU/sendMessage "HTTP/1.1 200 OK"
2025-11-29 23:29:20,679 - httpx - INFO - HTTP Request: POST https://api.telegram.org/bot8229788169:AAFSq8HtJN7DsHV3-Zmf4AC-6iHNsAVPAUU/getUpdates "HTTP/1.1 200 OK"
2025-11-29 23:29:30,756 - httpx - INFO - HTTP Request: POST https://api.telegram.org/bot8229788169:AAFSq8HtJN7DsHV3-Zmf4AC-6iHNsAVPAUU/getUpdates "HTTP/1.1 200 OK"
2025-11-29 23:29:32,120 - httpx - INFO - HTTP Request: POST https://api.telegram.org/bot8229788169:AAFSq8HtJN7DsHV3-Zmf4AC-6iHNsAVPAUU/getUpdates "HTTP/1.1 200 OK"
2025-11-29 23:29:32,370 - httpx - INFO - HTTP Request: POST https://api.telegram.org/bot8229788169:AAFSq8HtJN7DsHV3-Zmf4AC-6iHNsAVPAUU/sendMessage "HTTP/1.1 200 OK"
2025-11-29 23:29:37,022 - httpx - INFO - HTTP Request: POST https://api.telegram.org/bot8229788169:AAFSq8HtJN7DsHV3-Zmf4AC-6iHNsAVPAUU/getUpdates "HTTP/1.1 200 OK"
2025-11-29 23:29:47,100 - httpx - INFO - HTTP Request: POST https://api.telegram.org/bot8229788169:AAFSq8HtJN7DsHV3-Zmf4AC-6iHNsAVPAUU/getUpdates "HTTP/1.1 200 OK"
2025-11-29 23:29:57,177 - httpx - INFO - HTTP Request: POST https://api.telegram.org/bot8229788169:AAFSq8HtJN7DsHV3-Zmf4AC-6iHNsAVPAUU/getUpdates "HTTP/1.1 200 OK"
2025-11-29 23:30:07,255 - httpx - INFO - HTTP Request: POST https://api.telegram.org/bot8229788169:AAFSq8HtJN7DsHV3-Zmf4AC-6iHNsAVPAUU/getUpdates "HTTP/1.1 200 OK"
2025-11-29 23:30:17,332 - httpx - INFO - HTTP Request: POST https://api.telegram.org/bot8229788169:AAFSq8HtJN7DsHV3-Zmf4AC-6iHNsAVPAUU/getUpdates "HTTP/1.1 200 OK"
2025-11-29 23:30:27,410 - httpx - INFO - HTTP Request: POST https://api.telegram.org/bot8229788169:AAFSq8HtJN7DsHV3-Zmf4AC-6iHNsAVPAUU/getUpdates "HTTP/1.1 200 OK"
2025-11-29 23:30:28,720 - httpx - INFO - HTTP Request: POST https://api.telegram.org/bot8229788169:AAFSq8HtJN7DsHV3-Zmf4AC-6iHNsAVPAUU/getUpdates "HTTP/1.1 200 OK"
2025-11-29 23:30:38,798 - httpx - INFO - HTTP Request: POST https://api.telegram.org/bot8229788169:AAFSq8HtJN7DsHV3-Zmf4AC-6iHNsAVPAUU/getUpdates "HTTP/1.1 200 OK"
2025-11-29 23:30:51,631 - httpx - INFO - HTTP Request: POST https://api.telegram.org/bot8229788169:AAFSq8HtJN7DsHV3-Zmf4AC-6iHNsAVPAUU/getMe "HTTP/1.1 200 OK"
2025-11-29 23:30:51,701 - httpx - INFO - HTTP Request: POST https://api.telegram.org/bot8229788169:AAFSq8HtJN7DsHV3-Zmf4AC-6iHNsAVPAUU/deleteWebhook "HTTP/1.1 200 OK"
2025-11-29 23:30:51,703 - apscheduler.scheduler - INFO - Scheduler started
2025-11-29 23:30:51,703 - telegram.ext.Application - INFO - Application started
2025-11-29 23:30:56,157 - httpx - INFO - HTTP Request: POST https://api.telegram.org/bot8229788169:AAFSq8HtJN7DsHV3-Zmf4AC-6iHNsAVPAUU/getUpdates "HTTP/1.1 200 OK"
2025-11-29 23:30:56,253 - httpx - INFO - HTTP Request: POST https://api.telegram.org/bot8229788169:AAFSq8HtJN7DsHV3-Zmf4AC-6iHNsAVPAUU/sendMessage "HTTP/1.1 200 OK"
2025-11-29 23:30:57,919 - httpx - INFO - HTTP Request: POST https://api.telegram.org/bot8229788169:AAFSq8HtJN7DsHV3-Zmf4AC-6iHNsAVPAUU/getUpdates "HTTP/1.1 200 OK"
2025-11-29 23:30:58,014 - httpx - INFO - HTTP Request: POST https://api.telegram.org/bot8229788169:AAFSq8HtJN7DsHV3-Zmf4AC-6iHNsAVPAUU/sendMessage "HTTP/1.1 200 OK"
2025-11-29 23:31:05,851 - httpx - INFO - HTTP Request: POST https://api.telegram.org/bot8229788169:AAFSq8HtJN7DsHV3-Zmf4AC-6iHNsAVPAUU/getUpdates "HTTP/1.1 200 OK"
2025-11-29 23:31:12,660 - httpx - INFO - HTTP Request: POST https://api.telegram.org/bot8229788169:AAFSq8HtJN7DsHV3-Zmf4AC-6iHNsAVPAUU/getUpdates "HTTP/1.1 200 OK"
2025-11-29 23:31:14,512 - httpx - INFO - HTTP Request: POST https://api.telegram.org/bot8229788169:AAFSq8HtJN7DsHV3-Zmf4AC-6iHNsAVPAUU/getUpdates "HTTP/1.1 200 OK"
2025-11-29 23:31:14,753 - httpx - INFO - HTTP Request: POST https://api.telegram.org/bot8229788169:AAFSq8HtJN7DsHV3-Zmf4AC-6iHNsAVPAUU/sendMessage "HTTP/1.1 200 OK"
2025-11-29 23:31:24,591 - httpx - INFO - HTTP Request: POST https://api.telegram.org/bot8229788169:AAFSq8HtJN7DsHV3-Zmf4AC-6iHNsAVPAUU/getUpdates "HTTP/1.1 200 OK"
2025-11-29 23:31:34,669 - httpx - INFO - HTTP Request: POST https://api.telegram.org/bot8229788169:AAFSq8HtJN7DsHV3-Zmf4AC-6iHNsAVPAUU/getUpdates "HTTP/1.1 200 OK"
2025-11-29 23:31:44,748 - httpx - INFO - HTTP Request: POST https://api.telegram.org/bot8229788169:AAFSq8HtJN7DsHV3-Zmf4AC-6iHNsAVPAUU/getUpdates "HTTP/1.1 200 OK"
2025-11-30 09:13:40,224 - httpx - INFO - HTTP Request: POST https://api.telegram.org/bot8229788169:AAFSq8HtJN7DsHV3-Zmf4AC-6iHNsAVPAUU/getMe "HTTP/1.1 200 OK"
2025-11-30 09:13:40,301 - httpx - INFO - HTTP Request: POST https://api.telegram.org/bot8229788169:AAFSq8HtJN7DsHV3-Zmf4AC-6iHNsAVPAUU/deleteWebhook "HTTP/1.1 200 OK"
2025-11-30 09:13:40,303 - apscheduler.scheduler - INFO - Scheduler started
2025-11-30 09:13:40,303 - telegram.ext.Application - INFO - Application started
2025-11-30 09:13:50,540 - httpx - INFO - HTTP Request: POST https://api.telegram.org/bot8229788169:AAFSq8HtJN7DsHV3-Zmf4AC-6iHNsAVPAUU/getUpdates "HTTP/1.1 200 OK"
2025-11-30 09:14:00,617 - httpx - INFO - HTTP Request: POST https://api.telegram.org/bot8229788169:AAFSq8HtJN7DsHV3-Zmf4AC-6iHNsAVPAUU/getUpdates "HTTP/1.1 200 OK"
2025-11-30 09:14:10,695 - httpx - INFO - HTTP Request: POST https://api.telegram.org/bot8229788169:AAFSq8HtJN7DsHV3-Zmf4AC-6iHNsAVPAUU/getUpdates "HTTP/1.1 200 OK"
2025-11-30 09:14:20,771 - httpx - INFO - HTTP Request: POST https://api.telegram.org/bot8229788169:AAFSq8HtJN7DsHV3-Zmf4AC-6iHNsAVPAUU/getUpdates "HTTP/1.1 200 OK"
2025-11-30 09:14:30,848 - httpx - INFO - HTTP Request: POST https://api.telegram.org/bot8229788169:AAFSq8HtJN7DsHV3-Zmf4AC-6iHNsAVPAUU/getUpdates "HTTP/1.1 200 OK"
2025-11-30 09:14:40,925 - httpx - INFO - HTTP Request: POST https://api.telegram.org/bot8229788169:AAFSq8HtJN7DsHV3-Zmf4AC-6iHNsAVPAUU/getUpdates "HTTP/1.1 200 OK"
2025-11-30 09:14:51,006 - httpx - INFO - HTTP Request: POST https://api.telegram.org/bot8229788169:AAFSq8HtJN7DsHV3-Zmf4AC-6iHNsAVPAUU/getUpdates "HTTP/1.1 200 OK"
2025-11-30 09:15:01,082 - httpx - INFO - HTTP Request: POST https://api.telegram.org/bot8229788169:AAFSq8HtJN7DsHV3-Zmf4AC-6iHNsAVPAUU/getUpdates "HTTP/1.1 200 OK"
2025-11-30 09:15:11,163 - httpx - INFO - HTTP Request: POST https://api.telegram.org/bot8229788169:AAFSq8HtJN7DsHV3-Zmf4AC-6iHNsAVPAUU/getUpdates "HTTP/1.1 200 OK"
2025-11-30 09:15:21,242 - httpx - INFO - HTTP Request: POST https://api.telegram.org/bot8229788169:AAFSq8HtJN7DsHV3-Zmf4AC-6iHNsAVPAUU/getUpdates "HTTP/1.1 200 OK"
2025-11-30 09:15:31,319 - httpx - INFO - HTTP Request: POST https://api.telegram.org/bot8229788169:AAFSq8HtJN7DsHV3-Zmf4AC-6iHNsAVPAUU/getUpdates "HTTP/1.1 200 OK"
2025-11-30 09:15:41,396 - httpx - INFO - HTTP Request: POST https://api.telegram.org/bot8229788169:AAFSq8HtJN7DsHV3-Zmf4AC-6iHNsAVPAUU/getUpdates "HTTP/1.1 200 OK"
2025-11-30 09:15:51,478 - httpx - INFO - HTTP Request: POST https://api.telegram.org/bot8229788169:AAFSq8HtJN7DsHV3-Zmf4AC-6iHNsAVPAUU/getUpdates "HTTP/1.1 200 OK"
2025-11-30 09:16:01,554 - httpx - INFO - HTTP Request: POST https://api.telegram.org/bot8229788169:AAFSq8HtJN7DsHV3-Zmf4AC-6iHNsAVPAUU/getUpdates "HTTP/1.1 200 OK"
2025-11-30 09:16:11,632 - httpx - INFO - HTTP Request: POST https://api.telegram.org/bot8229788169:AAFSq8HtJN7DsHV3-Zmf4AC-6iHNsAVPAUU/getUpdates "HTTP/1.1 200 OK"
2025-11-30 09:16:21,715 - httpx - INFO - HTTP Request: POST https://api.telegram.org/bot8229788169:AAFSq8HtJN7DsHV3-Zmf4AC-6iHNsAVPAUU/getUpdates "HTTP/1.1 200 OK"
2025-11-30 09:16:31,796 - httpx - INFO - HTTP Request: POST https://api.telegram.org/bot8229788169:AAFSq8HtJN7DsHV3-Zmf4AC-6iHNsAVPAUU/getUpdates "HTTP/1.1 200 OK"
2025-11-30 09:16:41,876 - httpx - INFO - HTTP Request: POST https://api.telegram.org/bot8229788169:AAFSq8HtJN7DsHV3-Zmf4AC-6iHNsAVPAUU/getUpdates "HTTP/1.1 200 OK"
2025-11-30 09:16:51,953 - httpx - INFO - HTTP Request: POST https://api.telegram.org/bot8229788169:AAFSq8HtJN7DsHV3-Zmf4AC-6iHNsAVPAUU/getUpdates "HTTP/1.1 200 OK"
2025-11-30 09:17:02,034 - httpx - INFO - HTTP Request: POST https://api.telegram.org/bot8229788169:AAFSq8HtJN7DsHV3-Zmf4AC-6iHNsAVPAUU/getUpdates "HTTP/1.1 200 OK"
2025-11-30 09:17:12,119 - httpx - INFO - HTTP Request: POST https://api.telegram.org/bot8229788169:AAFSq8HtJN7DsHV3-Zmf4AC-6iHNsAVPAUU/getUpdates "HTTP/1.1 200 OK"
2025-11-30 09:17:14,987 - httpx - INFO - HTTP Request: POST https://api.telegram.org/bot8229788169:AAFSq8HtJN7DsHV3-Zmf4AC-6iHNsAVPAUU/getUpdates "HTTP/1.1 200 OK"
2025-11-30 09:17:15,257 - httpx - INFO - HTTP Request: POST https://api.telegram.org/bot8229788169:AAFSq8HtJN7DsHV3-Zmf4AC-6iHNsAVPAUU/sendMessage "HTTP/1.1 200 OK"
2025-11-30 09:17:19,070 - httpx - INFO - HTTP Request: POST https://api.telegram.org/bot8229788169:AAFSq8HtJN7DsHV3-Zmf4AC-6iHNsAVPAUU/getUpdates "HTTP/1.1 200 OK"
2025-11-30 09:17:19,174 - httpx - INFO - HTTP Request: POST https://api.telegram.org/bot8229788169:AAFSq8HtJN7DsHV3-Zmf4AC-6iHNsAVPAUU/sendMessage "HTTP/1.1 200 OK"
2025-11-30 09:17:21,809 - httpx - INFO - HTTP Request: POST https://api.telegram.org/bot8229788169:AAFSq8HtJN7DsHV3-Zmf4AC-6iHNsAVPAUU/getUpdates "HTTP/1.1 200 OK"
2025-11-30 09:17:21,913 - httpx - INFO - HTTP Request: POST https://api.telegram.org/bot8229788169:AAFSq8HtJN7DsHV3-Zmf4AC-6iHNsAVPAUU/sendMessage "HTTP/1.1 200 OK"
2025-11-30 09:17:29,666 - httpx - INFO - HTTP Request: POST https://api.telegram.org/bot8229788169:AAFSq8HtJN7DsHV3-Zmf4AC-6iHNsAVPAUU/getUpdates "HTTP/1.1 200 OK"
2025-11-30 09:17:29,941 - httpx - INFO - HTTP Request: POST https://api.telegram.org/bot8229788169:AAFSq8HtJN7DsHV3-Zmf4AC-6iHNsAVPAUU/sendMessage "HTTP/1.1 200 OK"
2025-11-30 09:17:39,756 - httpx - INFO - HTTP Request: POST https://api.telegram.org/bot8229788169:AAFSq8HtJN7DsHV3-Zmf4AC-6iHNsAVPAUU/getUpdates "HTTP/1.1 200 OK"
2025-11-30 09:17:49,832 - httpx - INFO - HTTP Request: POST https://api.telegram.org/bot8229788169:AAFSq8HtJN7DsHV3-Zmf4AC-6iHNsAVPAUU/getUpdates "HTTP/1.1 200 OK"
2025-11-30 09:17:59,912 - httpx - INFO - HTTP Request: POST https://api.telegram.org/bot8229788169:AAFSq8HtJN7DsHV3-Zmf4AC-6iHNsAVPAUU/getUpdates "HTTP/1.1 200 OK"
2025-11-30 09:18:09,991 - httpx - INFO - HTTP Request: POST https://api.telegram.org/bot8229788169:AAFSq8HtJN7DsHV3-Zmf4AC-6iHNsAVPAUU/getUpdates "HTTP/1.1 200 OK"
2025-11-30 09:18:20,067 - httpx - INFO - HTTP Request: POST https://api.telegram.org/bot8229788169:AAFSq8HtJN7DsHV3-Zmf4AC-6iHNsAVPAUU/getUpdates "HTTP/1.1 200 OK"
2025-11-30 09:18:30,144 - httpx - INFO - HTTP Request: POST https://api.telegram.org/bot8229788169:AAFSq8HtJN7DsHV3-Zmf4AC-6iHNsAVPAUU/getUpdates "HTTP/1.1 200 OK"
2025-11-30 09:18:40,219 - httpx - INFO - HTTP Request: POST https://api.telegram.org/bot8229788169:AAFSq8HtJN7DsHV3-Zmf4AC-6iHNsAVPAUU/getUpdates "HTTP/1.1 200 OK"
2025-11-30 09:18:50,297 - httpx - INFO - HTTP Request: POST https://api.telegram.org/bot8229788169:AAFSq8HtJN7DsHV3-Zmf4AC-6iHNsAVPAUU/getUpdates "HTTP/1.1 200 OK"
2025-11-30 09:19:00,375 - httpx - INFO - HTTP Request: POST https://api.telegram.org/bot8229788169:AAFSq8HtJN7DsHV3-Zmf4AC-6iHNsAVPAUU/getUpdates "HTTP/1.1 200 OK"
2025-11-30 09:19:10,455 - httpx - INFO - HTTP Request: POST https://api.telegram.org/bot8229788169:AAFSq8HtJN7DsHV3-Zmf4AC-6iHNsAVPAUU/getUpdates "HTTP/1.1 200 OK"
2025-11-30 09:19:20,531 - httpx - INFO - HTTP Request: POST https://api.telegram.org/bot8229788169:AAFSq8HtJN7DsHV3-Zmf4AC-6iHNsAVPAUU/getUpdates "HTTP/1.1 200 OK"
2025-11-30 09:19:30,611 - httpx - INFO - HTTP Request: POST https://api.telegram.org/bot8229788169:AAFSq8HtJN7DsHV3-Zmf4AC-6iHNsAVPAUU/getUpdates "HTTP/1.1 200 OK"
2025-11-30 09:19:40,687 - httpx - INFO - HTTP Request: POST https://api.telegram.org/bot8229788169:AAFSq8HtJN7DsHV3-Zmf4AC-6iHNsAVPAUU/getUpdates "HTTP/1.1 200 OK"
2025-11-30 09:19:50,768 - httpx - INFO - HTTP Request: POST https://api.telegram.org/bot8229788169:AAFSq8HtJN7DsHV3-Zmf4AC-6iHNsAVPAUU/getUpdates "HTTP/1.1 200 OK"
2025-11-30 09:20:00,850 - httpx - INFO - HTTP Request: POST https://api.telegram.org/bot8229788169:AAFSq8HtJN7DsHV3-Zmf4AC-6iHNsAVPAUU/getUpdates "HTTP/1.1 200 OK"
2025-11-30 09:20:10,927 - httpx - INFO - HTTP Request: POST https://api.telegram.org/bot8229788169:AAFSq8HtJN7DsHV3-Zmf4AC-6iHNsAVPAUU/getUpdates "HTTP/1.1 200 OK"
2025-11-30 09:20:21,002 - httpx - INFO - HTTP Request: POST https://api.telegram.org/bot8229788169:AAFSq8HtJN7DsHV3-Zmf4AC-6iHNsAVPAUU/getUpdates "HTTP/1.1 200 OK"
2025-11-30 09:20:31,083 - httpx - INFO - HTTP Request: POST https://api.telegram.org/bot8229788169:AAFSq8HtJN7DsHV3-Zmf4AC-6iHNsAVPAUU/getUpdates "HTTP/1.1 200 OK"
2025-11-30 09:20:41,165 - httpx - INFO - HTTP Request: POST https://api.telegram.org/bot8229788169:AAFSq8HtJN7DsHV3-Zmf4AC-6iHNsAVPAUU/getUpdates "HTTP/1.1 200 OK"
2025-11-30 09:20:51,243 - httpx - INFO - HTTP Request: POST https://api.telegram.org/bot8229788169:AAFSq8HtJN7DsHV3-Zmf4AC-6iHNsAVPAUU/getUpdates "HTTP/1.1 200 OK"
2025-11-30 09:21:01,330 - httpx - INFO - HTTP Request: POST https://api.telegram.org/bot8229788169:AAFSq8HtJN7DsHV3-Zmf4AC-6iHNsAVPAUU/getUpdates "HTTP/1.1 200 OK"
2025-11-30 09:21:11,411 - httpx - INFO - HTTP Request: POST https://api.telegram.org/bot8229788169:AAFSq8HtJN7DsHV3-Zmf4AC-6iHNsAVPAUU/getUpdates "HTTP/1.1 200 OK"
2025-11-30 09:21:28,529 - httpx - INFO - HTTP Request: POST https://api.telegram.org/bot8382913453:AAGD3phfvwnm4f0wjAmBljS8lN-ZLHM5MHA/getMe "HTTP/1.1 200 OK"
2025-11-30 09:21:28,608 - httpx - INFO - HTTP Request: POST https://api.telegram.org/bot8382913453:AAGD3phfvwnm4f0wjAmBljS8lN-ZLHM5MHA/deleteWebhook "HTTP/1.1 200 OK"
2025-11-30 09:21:28,610 - apscheduler.scheduler - INFO - Scheduler started
2025-11-30 09:21:28,610 - telegram.ext.Application - INFO - Application started
2025-11-30 09:21:38,849 - httpx - INFO - HTTP Request: POST https://api.telegram.org/bot8382913453:AAGD3phfvwnm4f0wjAmBljS8lN-ZLHM5MHA/getUpdates "HTTP/1.1 200 OK"
2025-11-30 09:21:41,051 - httpx - INFO - HTTP Request: POST https://api.telegram.org/bot8382913453:AAGD3phfvwnm4f0wjAmBljS8lN-ZLHM5MHA/getUpdates "HTTP/1.1 200 OK"
2025-11-30 09:21:41,312 - httpx - INFO - HTTP Request: POST https://api.telegram.org/bot8382913453:AAGD3phfvwnm4f0wjAmBljS8lN-ZLHM5MHA/sendMessage "HTTP/1.1 200 OK"
2025-11-30 09:21:48,659 - httpx - INFO - HTTP Request: POST https://api.telegram.org/bot8382913453:AAGD3phfvwnm4f0wjAmBljS8lN-ZLHM5MHA/getUpdates "HTTP/1.1 200 OK"
2025-11-30 09:21:48,934 - httpx - INFO - HTTP Request: POST https://api.telegram.org/bot8382913453:AAGD3phfvwnm4f0wjAmBljS8lN-ZLHM5MHA/getChat "HTTP/1.1 200 OK"
2025-11-30 09:21:49,072 - httpx - INFO - HTTP Request: POST https://api.telegram.org/bot8382913453:AAGD3phfvwnm4f0wjAmBljS8lN-ZLHM5MHA/sendMessage "HTTP/1.1 200 OK"
2025-11-30 09:21:58,740 - httpx - INFO - HTTP Request: POST https://api.telegram.org/bot8382913453:AAGD3phfvwnm4f0wjAmBljS8lN-ZLHM5MHA/getUpdates "HTTP/1.1 200 OK"
2025-11-30 09:22:08,819 - httpx - INFO - HTTP Request: POST https://api.telegram.org/bot8382913453:AAGD3phfvwnm4f0wjAmBljS8lN-ZLHM5MHA/getUpdates "HTTP/1.1 200 OK"
2025-11-30 09:22:18,899 - httpx - INFO - HTTP Request: POST https://api.telegram.org/bot8382913453:AAGD3phfvwnm4f0wjAmBljS8lN-ZLHM5MHA/getUpdates "HTTP/1.1 200 OK"
2025-11-30 09:22:28,981 - httpx - INFO - HTTP Request: POST https://api.telegram.org/bot8382913453:AAGD3phfvwnm4f0wjAmBljS8lN-ZLHM5MHA/getUpdates "HTTP/1.1 200 OK"
2025-11-30 09:22:31,351 - httpx - INFO - HTTP Request: POST https://api.telegram.org/bot8382913453:AAGD3phfvwnm4f0wjAmBljS8lN-ZLHM5MHA/getUpdates "HTTP/1.1 200 OK"
2025-11-30 09:22:41,430 - httpx - INFO - HTTP Request: POST https://api.telegram.org/bot8382913453:AAGD3phfvwnm4f0wjAmBljS8lN-ZLHM5MHA/getUpdates "HTTP/1.1 200 OK"
2025-11-30 09:22:51,510 - httpx - INFO - HTTP Request: POST https://api.telegram.org/bot8382913453:AAGD3phfvwnm4f0wjAmBljS8lN-ZLHM5MHA/getUpdates "HTTP/1.1 200 OK"
2025-11-30 09:23:01,589 - httpx - INFO - HTTP Request: POST https://api.telegram.org/bot8382913453:AAGD3phfvwnm4f0wjAmBljS8lN-ZLHM5MHA/getUpdates "HTTP/1.1 200 OK"
2025-11-30 09:23:11,671 - httpx - INFO - HTTP Request: POST https://api.telegram.org/bot8382913453:AAGD3phfvwnm4f0wjAmBljS8lN-ZLHM5MHA/getUpdates "HTTP/1.1 200 OK"
2025-11-30 09:23:21,751 - httpx - INFO - HTTP Request: POST https://api.telegram.org/bot8382913453:AAGD3phfvwnm4f0wjAmBljS8lN-ZLHM5MHA/getUpdates "HTTP/1.1 200 OK"
2025-11-30 09:23:31,831 - httpx - INFO - HTTP Request: POST https://api.telegram.org/bot8382913453:AAGD3phfvwnm4f0wjAmBljS8lN-ZLHM5MHA/getUpdates "HTTP/1.1 200 OK"
2025-11-30 09:23:41,910 - httpx - INFO - HTTP Request: POST https://api.telegram.org/bot8382913453:AAGD3phfvwnm4f0wjAmBljS8lN-ZLHM5MHA/getUpdates "HTTP/1.1 200 OK"
2025-11-30 09:23:51,992 - httpx - INFO - HTTP Request: POST https://api.telegram.org/bot8382913453:AAGD3phfvwnm4f0wjAmBljS8lN-ZLHM5MHA/getUpdates "HTTP/1.1 200 OK"
2025-11-30 09:24:02,071 - httpx - INFO - HTTP Request: POST https://api.telegram.org/bot8382913453:AAGD3phfvwnm4f0wjAmBljS8lN-ZLHM5MHA/getUpdates "HTTP/1.1 200 OK"
2025-11-30 09:24:12,151 - httpx - INFO - HTTP Request: POST https://api.telegram.org/bot8382913453:AAGD3phfvwnm4f0wjAmBljS8lN-ZLHM5MHA/getUpdates "HTTP/1.1 200 OK"
2025-11-30 09:24:22,236 - httpx - INFO - HTTP Request: POST https://api.telegram.org/bot8382913453:AAGD3phfvwnm4f0wjAmBljS8lN-ZLHM5MHA/getUpdates "HTTP/1.1 200 OK"
2025-11-30 09:24:32,319 - httpx - INFO - HTTP Request: POST https://api.telegram.org/bot8382913453:AAGD3phfvwnm4f0wjAmBljS8lN-ZLHM5MHA/getUpdates "HTTP/1.1 200 OK"
2025-11-30 09:24:42,405 - httpx - INFO - HTTP Request: POST https://api.telegram.org/bot8382913453:AAGD3phfvwnm4f0wjAmBljS8lN-ZLHM5MHA/getUpdates "HTTP/1.1 200 OK"
2025-11-30 09:24:52,487 - httpx - INFO - HTTP Request: POST https://api.telegram.org/bot8382913453:AAGD3phfvwnm4f0wjAmBljS8lN-ZLHM5MHA/getUpdates "HTTP/1.1 200 OK"
2025-11-30 09:25:02,574 - httpx - INFO - HTTP Request: POST https://api.telegram.org/bot8382913453:AAGD3phfvwnm4f0wjAmBljS8lN-ZLHM5MHA/getUpdates "HTTP/1.1 200 OK"
2025-11-30 09:25:12,661 - httpx - INFO - HTTP Request: POST https://api.telegram.org/bot8382913453:AAGD3phfvwnm4f0wjAmBljS8lN-ZLHM5MHA/getUpdates "HTTP/1.1 200 OK"
2025-11-30 09:25:22,744 - httpx - INFO - HTTP Request: POST https://api.telegram.org/bot8382913453:AAGD3phfvwnm4f0wjAmBljS8lN-ZLHM5MHA/getUpdates "HTTP/1.1 200 OK"
2025-11-30 09:25:32,827 - httpx - INFO - HTTP Request: POST https://api.telegram.org/bot8382913453:AAGD3phfvwnm4f0wjAmBljS8lN-ZLHM5MHA/getUpdates "HTTP/1.1 200 OK"
2025-11-30 09:25:42,906 - httpx - INFO - HTTP Request: POST https://api.telegram.org/bot8382913453:AAGD3phfvwnm4f0wjAmBljS8lN-ZLHM5MHA/getUpdates "HTTP/1.1 200 OK"
2025-11-30 09:25:52,990 - httpx - INFO - HTTP Request: POST https://api.telegram.org/bot8382913453:AAGD3phfvwnm4f0wjAmBljS8lN-ZLHM5MHA/getUpdates "HTTP/1.1 200 OK"
2025-11-30 09:26:03,070 - httpx - INFO - HTTP Request: POST https://api.telegram.org/bot8382913453:AAGD3phfvwnm4f0wjAmBljS8lN-ZLHM5MHA/getUpdates "HTTP/1.1 200 OK"
2025-11-30 09:26:13,148 - httpx - INFO - HTTP Request: POST https://api.telegram.org/bot8382913453:AAGD3phfvwnm4f0wjAmBljS8lN-ZLHM5MHA/getUpdates "HTTP/1.1 200 OK"
2025-11-30 09:26:23,232 - httpx - INFO - HTTP Request: POST https://api.telegram.org/bot8382913453:AAGD3phfvwnm4f0wjAmBljS8lN-ZLHM5MHA/getUpdates "HTTP/1.1 200 OK"
2025-11-30 09:26:33,317 - httpx - INFO - HTTP Request: POST https://api.telegram.org/bot8382913453:AAGD3phfvwnm4f0wjAmBljS8lN-ZLHM5MHA/getUpdates "HTTP/1.1 200 OK"
2025-11-30 09:26:43,394 - httpx - INFO - HTTP Request: POST https://api.telegram.org/bot8382913453:AAGD3phfvwnm4f0wjAmBljS8lN-ZLHM5MHA/getUpdates "HTTP/1.1 200 OK"
2025-11-30 09:26:53,476 - httpx - INFO - HTTP Request: POST https://api.telegram.org/bot8382913453:AAGD3phfvwnm4f0wjAmBljS8lN-ZLHM5MHA/getUpdates "HTTP/1.1 200 OK"
2025-11-30 09:27:03,557 - httpx - INFO - HTTP Request: POST https://api.telegram.org/bot8382913453:AAGD3phfvwnm4f0wjAmBljS8lN-ZLHM5MHA/getUpdates "HTTP/1.1 200 OK"
2025-11-30 09:27:13,635 - httpx - INFO - HTTP Request: POST https://api.telegram.org/bot8382913453:AAGD3phfvwnm4f0wjAmBljS8lN-ZLHM5MHA/getUpdates "HTTP/1.1 200 OK"
2025-11-30 09:27:23,714 - httpx - INFO - HTTP Request: POST https://api.telegram.org/bot8382913453:AAGD3phfvwnm4f0wjAmBljS8lN-ZLHM5MHA/getUpdates "HTTP/1.1 200 OK"
2025-11-30 09:27:33,800 - httpx - INFO - HTTP Request: POST https://api.telegram.org/bot8382913453:AAGD3phfvwnm4f0wjAmBljS8lN-ZLHM5MHA/getUpdates "HTTP/1.1 200 OK"
2025-11-30 09:27:41,150 - httpx - INFO - HTTP Request: POST https://api.telegram.org/bot8382913453:AAGD3phfvwnm4f0wjAmBljS8lN-ZLHM5MHA/getUpdates "HTTP/1.1 200 OK"
2025-11-30 09:27:41,405 - httpx - INFO - HTTP Request: POST https://api.telegram.org/bot8382913453:AAGD3phfvwnm4f0wjAmBljS8lN-ZLHM5MHA/sendMessage "HTTP/1.1 200 OK"
2025-11-30 09:27:51,232 - httpx - INFO - HTTP Request: POST https://api.telegram.org/bot8382913453:AAGD3phfvwnm4f0wjAmBljS8lN-ZLHM5MHA/getUpdates "HTTP/1.1 200 OK"
2025-11-30 09:28:01,310 - httpx - INFO - HTTP Request: POST https://api.telegram.org/bot8382913453:AAGD3phfvwnm4f0wjAmBljS8lN-ZLHM5MHA/getUpdates "HTTP/1.1 200 OK"
2025-11-30 09:28:11,391 - httpx - INFO - HTTP Request: POST https://api.telegram.org/bot8382913453:AAGD3phfvwnm4f0wjAmBljS8lN-ZLHM5MHA/getUpdates "HTTP/1.1 200 OK"
2025-11-30 09:28:21,473 - httpx - INFO - HTTP Request: POST https://api.telegram.org/bot8382913453:AAGD3phfvwnm4f0wjAmBljS8lN-ZLHM5MHA/getUpdates "HTTP/1.1 200 OK"
2025-11-30 09:28:31,555 - httpx - INFO - HTTP Request: POST https://api.telegram.org/bot8382913453:AAGD3phfvwnm4f0wjAmBljS8lN-ZLHM5MHA/getUpdates "HTTP/1.1 200 OK"
2025-11-30 09:28:41,632 - httpx - INFO - HTTP Request: POST https://api.telegram.org/bot8382913453:AAGD3phfvwnm4f0wjAmBljS8lN-ZLHM5MHA/getUpdates "HTTP/1.1 200 OK"
2025-11-30 09:28:51,715 - httpx - INFO - HTTP Request: POST https://api.telegram.org/bot8382913453:AAGD3phfvwnm4f0wjAmBljS8lN-ZLHM5MHA/getUpdates "HTTP/1.1 200 OK"
2025-11-30 09:29:01,792 - httpx - INFO - HTTP Request: POST https://api.telegram.org/bot8382913453:AAGD3phfvwnm4f0wjAmBljS8lN-ZLHM5MHA/getUpdates "HTTP/1.1 200 OK"
2025-11-30 09:29:11,874 - httpx - INFO - HTTP Request: POST https://api.telegram.org/bot8382913453:AAGD3phfvwnm4f0wjAmBljS8lN-ZLHM5MHA/getUpdates "HTTP/1.1 200 OK"
2025-11-30 09:29:21,962 - httpx - INFO - HTTP Request: POST https://api.telegram.org/bot8382913453:AAGD3phfvwnm4f0wjAmBljS8lN-ZLHM5MHA/getUpdates "HTTP/1.1 200 OK"
2025-11-30 09:29:32,044 - httpx - INFO - HTTP Request: POST https://api.telegram.org/bot8382913453:AAGD3phfvwnm4f0wjAmBljS8lN-ZLHM5MHA/getUpdates "HTTP/1.1 200 OK"
2025-11-30 09:29:42,123 - httpx - INFO - HTTP Request: POST https://api.telegram.org/bot8382913453:AAGD3phfvwnm4f0wjAmBljS8lN-ZLHM5MHA/getUpdates "HTTP/1.1 200 OK"
2025-11-30 09:29:52,202 - httpx - INFO - HTTP Request: POST https://api.telegram.org/bot8382913453:AAGD3phfvwnm4f0wjAmBljS8lN-ZLHM5MHA/getUpdates "HTTP/1.1 200 OK"
2025-11-30 09:30:02,281 - httpx - INFO - HTTP Request: POST https://api.telegram.org/bot8382913453:AAGD3phfvwnm4f0wjAmBljS8lN-ZLHM5MHA/getUpdates "HTTP/1.1 200 OK"
2025-11-30 09:30:12,360 - httpx - INFO - HTTP Request: POST https://api.telegram.org/bot8382913453:AAGD3phfvwnm4f0wjAmBljS8lN-ZLHM5MHA/getUpdates "HTTP/1.1 200 OK"
2025-11-30 09:30:39,383 - httpx - INFO - HTTP Request: POST https://api.telegram.org/bot8382913453:AAGD3phfvwnm4f0wjAmBljS8lN-ZLHM5MHA/getMe "HTTP/1.1 200 OK"
2025-11-30 09:30:39,456 - httpx - INFO - HTTP Request: POST https://api.telegram.org/bot8382913453:AAGD3phfvwnm4f0wjAmBljS8lN-ZLHM5MHA/deleteWebhook "HTTP/1.1 200 OK"
2025-11-30 09:30:39,458 - apscheduler.scheduler - INFO - Scheduler started
2025-11-30 09:30:39,458 - telegram.ext.Application - INFO - Application started
2025-11-30 09:30:49,688 - httpx - INFO - HTTP Request: POST https://api.telegram.org/bot8382913453:AAGD3phfvwnm4f0wjAmBljS8lN-ZLHM5MHA/getUpdates "HTTP/1.1 200 OK"
2025-11-30 09:30:56,538 - httpx - INFO - HTTP Request: POST https://api.telegram.org/bot8382913453:AAGD3phfvwnm4f0wjAmBljS8lN-ZLHM5MHA/getUpdates "HTTP/1.1 200 OK"
2025-11-30 09:30:56,794 - httpx - INFO - HTTP Request: POST https://api.telegram.org/bot8382913453:AAGD3phfvwnm4f0wjAmBljS8lN-ZLHM5MHA/sendMessage "HTTP/1.1 200 OK"
2025-11-30 09:31:06,617 - httpx - INFO - HTTP Request: POST https://api.telegram.org/bot8382913453:AAGD3phfvwnm4f0wjAmBljS8lN-ZLHM5MHA/getUpdates "HTTP/1.1 200 OK"
2025-11-30 09:31:11,064 - httpx - INFO - HTTP Request: POST https://api.telegram.org/bot8382913453:AAGD3phfvwnm4f0wjAmBljS8lN-ZLHM5MHA/getUpdates "HTTP/1.1 200 OK"
2025-11-30 09:31:11,400 - httpx - INFO - HTTP Request: POST https://api.telegram.org/bot8382913453:AAGD3phfvwnm4f0wjAmBljS8lN-ZLHM5MHA/sendMessage "HTTP/1.1 200 OK"
2025-11-30 09:31:13,208 - httpx - INFO - HTTP Request: POST https://api.telegram.org/bot8382913453:AAGD3phfvwnm4f0wjAmBljS8lN-ZLHM5MHA/getUpdates "HTTP/1.1 200 OK"
2025-11-30 09:31:13,353 - httpx - INFO - HTTP Request: POST https://api.telegram.org/bot8382913453:AAGD3phfvwnm4f0wjAmBljS8lN-ZLHM5MHA/sendMessage "HTTP/1.1 200 OK"
2025-11-30 09:31:23,287 - httpx - INFO - HTTP Request: POST https://api.telegram.org/bot8382913453:AAGD3phfvwnm4f0wjAmBljS8lN-ZLHM5MHA/getUpdates "HTTP/1.1 200 OK"
2025-11-30 09:31:33,366 - httpx - INFO - HTTP Request: POST https://api.telegram.org/bot8382913453:AAGD3phfvwnm4f0wjAmBljS8lN-ZLHM5MHA/getUpdates "HTTP/1.1 200 OK"
2025-11-30 09:31:43,443 - httpx - INFO - HTTP Request: POST https://api.telegram.org/bot8382913453:AAGD3phfvwnm4f0wjAmBljS8lN-ZLHM5MHA/getUpdates "HTTP/1.1 200 OK"
